[    0.000000] Linux version 4.15.0-72-generic (buildd@lcy01-amd64-026) (gcc version 7.4.0 (Ubuntu 7.4.0-1ubuntu1~18.04.1)) #81-Ubuntu SMP Tue Nov 26 12:20:02 UTC 2019 (Ubuntu 4.15.0-72.81-generic 4.15.18)
[    0.000000] Command line: BOOT_IMAGE=/boot/vmlinuz-4.15.0-72-generic root=LABEL=cloudimg-rootfs ro console=tty1 console=ttyS0
[    0.000000] KERNEL supported cpus:
[    0.000000]   Intel GenuineIntel
[    0.000000]   AMD AuthenticAMD
[    0.000000]   Centaur CentaurHauls
[    0.000000] x86/fpu: Supporting XSAVE feature 0x001: 'x87 floating point registers'
[    0.000000] x86/fpu: Supporting XSAVE feature 0x002: 'SSE registers'
[    0.000000] x86/fpu: Supporting XSAVE feature 0x004: 'AVX registers'
[    0.000000] x86/fpu: xstate_offset[2]:  576, xstate_sizes[2]:  256
[    0.000000] x86/fpu: Enabled xstate features 0x7, context size is 832 bytes, using 'standard' format.
[    0.000000] e820: BIOS-provided physical RAM map:
[    0.000000] BIOS-e820: [mem 0x0000000000000000-0x000000000009fbff] usable
[    0.000000] BIOS-e820: [mem 0x000000000009fc00-0x000000000009ffff] reserved
[    0.000000] BIOS-e820: [mem 0x00000000000f0000-0x00000000000fffff] reserved
[    0.000000] BIOS-e820: [mem 0x0000000000100000-0x000000003ffeffff] usable
[    0.000000] BIOS-e820: [mem 0x000000003fff0000-0x000000003fffffff] ACPI data
[    0.000000] BIOS-e820: [mem 0x00000000fec00000-0x00000000fec00fff] reserved
[    0.000000] BIOS-e820: [mem 0x00000000fee00000-0x00000000fee00fff] reserved
[    0.000000] BIOS-e820: [mem 0x00000000fffc0000-0x00000000ffffffff] reserved
[    0.000000] NX (Execute Disable) protection: active
[    0.000000] SMBIOS 2.5 present.
[    0.000000] DMI: innotek GmbH VirtualBox/VirtualBox, BIOS VirtualBox 12/01/2006
[    0.000000] Hypervisor detected: KVM
[    0.000000] e820: last_pfn = 0x3fff0 max_arch_pfn = 0x400000000
[    0.000000] MTRR: Disabled
[    0.000000] x86/PAT: MTRRs disabled, skipping PAT initialization too.
[    0.000000] CPU MTRRs all blank - virtualized system.
[    0.000000] x86/PAT: Configuration [0-7]: WB  WT  UC- UC  WB  WT  UC- UC  
[    0.000000] found SMP MP-table at [mem 0x0009fff0-0x0009ffff]
[    0.000000] Scanning 1 areas for low memory corruption
[    0.000000] RAMDISK: [mem 0x35a6d000-0x36d2dfff]
[    0.000000] ACPI: Early table checksum verification disabled
[    0.000000] ACPI: RSDP 0x00000000000E0000 000024 (v02 VBOX  )
[    0.000000] ACPI: XSDT 0x000000003FFF0030 00003C (v01 VBOX   VBOXXSDT 00000001 ASL  00000061)
[    0.000000] ACPI: FACP 0x000000003FFF00F0 0000F4 (v04 VBOX   VBOXFACP 00000001 ASL  00000061)
[    0.000000] ACPI: DSDT 0x000000003FFF0470 0022EA (v02 VBOX   VBOXBIOS 00000002 INTL 20100528)
[    0.000000] ACPI: FACS 0x000000003FFF0200 000040
[    0.000000] ACPI: FACS 0x000000003FFF0200 000040
[    0.000000] ACPI: APIC 0x000000003FFF0240 00005C (v02 VBOX   VBOXAPIC 00000001 ASL  00000061)
[    0.000000] ACPI: SSDT 0x000000003FFF02A0 0001CC (v01 VBOX   VBOXCPUT 00000002 INTL 20100528)
[    0.000000] No NUMA configuration found
[    0.000000] Faking a node at [mem 0x0000000000000000-0x000000003ffeffff]
[    0.000000] NODE_DATA(0) allocated [mem 0x3ffc5000-0x3ffeffff]
[    0.000000] kvm-clock: cpu 0, msr 0:3ff44001, primary cpu clock
[    0.000000] kvm-clock: Using msrs 4b564d01 and 4b564d00
[    0.000000] kvm-clock: using sched offset of 3657934819 cycles
[    0.000000] clocksource: kvm-clock: mask: 0xffffffffffffffff max_cycles: 0x1cd42e4dffb, max_idle_ns: 881590591483 ns
[    0.000000] Zone ranges:
[    0.000000]   DMA      [mem 0x0000000000001000-0x0000000000ffffff]
[    0.000000]   DMA32    [mem 0x0000000001000000-0x000000003ffeffff]
[    0.000000]   Normal   empty
[    0.000000]   Device   empty
[    0.000000] Movable zone start for each node
[    0.000000] Early memory node ranges
[    0.000000]   node   0: [mem 0x0000000000001000-0x000000000009efff]
[    0.000000]   node   0: [mem 0x0000000000100000-0x000000003ffeffff]
[    0.000000] Reserved but unavailable: 98 pages
[    0.000000] Initmem setup node 0 [mem 0x0000000000001000-0x000000003ffeffff]
[    0.000000] ACPI: PM-Timer IO Port: 0x4008
[    0.000000] IOAPIC[0]: apic_id 2, version 32, address 0xfec00000, GSI 0-23
[    0.000000] ACPI: INT_SRC_OVR (bus 0 bus_irq 0 global_irq 2 dfl dfl)
[    0.000000] ACPI: INT_SRC_OVR (bus 0 bus_irq 9 global_irq 9 low level)
[    0.000000] Using ACPI (MADT) for SMP configuration information
[    0.000000] smpboot: Allowing 2 CPUs, 0 hotplug CPUs
[    0.000000] PM: Registered nosave memory: [mem 0x00000000-0x00000fff]
[    0.000000] PM: Registered nosave memory: [mem 0x0009f000-0x0009ffff]
[    0.000000] PM: Registered nosave memory: [mem 0x000a0000-0x000effff]
[    0.000000] PM: Registered nosave memory: [mem 0x000f0000-0x000fffff]
[    0.000000] e820: [mem 0x40000000-0xfebfffff] available for PCI devices
[    0.000000] Booting paravirtualized kernel on KVM
[    0.000000] clocksource: refined-jiffies: mask: 0xffffffff max_cycles: 0xffffffff, max_idle_ns: 7645519600211568 ns
[    0.000000] random: get_random_bytes called from start_kernel+0x99/0x4fd with crng_init=0
[    0.000000] setup_percpu: NR_CPUS:8192 nr_cpumask_bits:2 nr_cpu_ids:2 nr_node_ids:1
[    0.000000] percpu: Embedded 45 pages/cpu s147456 r8192 d28672 u1048576
[    0.000000] PV qspinlock hash table entries: 256 (order: 0, 4096 bytes)
[    0.000000] Built 1 zonelists, mobility grouping on.  Total pages: 257913
[    0.000000] Policy zone: DMA32
[    0.000000] Kernel command line: BOOT_IMAGE=/boot/vmlinuz-4.15.0-72-generic root=LABEL=cloudimg-rootfs ro console=tty1 console=ttyS0
[    0.000000] Memory: 983392K/1048120K available (12300K kernel code, 2481K rwdata, 4264K rodata, 2428K init, 2388K bss, 64728K reserved, 0K cma-reserved)
[    0.000000] SLUB: HWalign=64, Order=0-3, MinObjects=0, CPUs=2, Nodes=1
[    0.000000] Kernel/User page tables isolation: enabled
[    0.000000] ftrace: allocating 39318 entries in 154 pages
[    0.004000] Hierarchical RCU implementation.
[    0.004000] 	RCU restricting CPUs from NR_CPUS=8192 to nr_cpu_ids=2.
[    0.004000] 	Tasks RCU enabled.
[    0.004000] RCU: Adjusting geometry for rcu_fanout_leaf=16, nr_cpu_ids=2
[    0.004000] NR_IRQS: 524544, nr_irqs: 440, preallocated irqs: 16
[    0.004000] Console: colour VGA+ 80x25
[    0.004000] console [tty1] enabled
[    0.004000] console [ttyS0] enabled
[    0.004000] ACPI: Core revision 20170831
[    0.004000] ACPI: 2 ACPI AML tables successfully acquired and loaded
[    0.004000] APIC: Switch to symmetric I/O mode setup
[    0.004000] x2apic enabled
[    0.004000] Switched APIC routing to physical x2apic.
[    0.004000] ..TIMER: vector=0x30 apic1=0 pin1=2 apic2=-1 pin2=-1
[    0.004004] tsc: Detected 1392.000 MHz processor
[    0.004842] Calibrating delay loop (skipped) preset value.. 2784.00 BogoMIPS (lpj=5568000)
[    0.005405] pid_max: default: 32768 minimum: 301
[    0.006224] Security Framework initialized
[    0.008002] Yama: becoming mindful.
[    0.008640] AppArmor: AppArmor initialized
[    0.011086] Dentry cache hash table entries: 131072 (order: 8, 1048576 bytes)
[    0.012084] Inode-cache hash table entries: 65536 (order: 7, 524288 bytes)
[    0.013222] Mount-cache hash table entries: 2048 (order: 2, 16384 bytes)
[    0.014356] Mountpoint-cache hash table entries: 2048 (order: 2, 16384 bytes)
[    0.016234] Last level iTLB entries: 4KB 64, 2MB 8, 4MB 8
[    0.017136] Last level dTLB entries: 4KB 64, 2MB 0, 4MB 0, 1GB 4
[    0.018566] Spectre V1 : Mitigation: usercopy/swapgs barriers and __user pointer sanitization
[    0.020003] Spectre V2 : Mitigation: Full generic retpoline
[    0.020947] Spectre V2 : Spectre v2 / SpectreRSB mitigation: Filling RSB on context switch
[    0.022350] Speculative Store Bypass: Vulnerable
[    0.023186] MDS: Mitigation: Clear CPU buffers
[    0.024154] Freeing SMP alternatives memory: 36K
[    0.135291] smpboot: CPU0: Intel(R) Core(TM) i5-8257U CPU @ 1.40GHz (family: 0x6, model: 0x8e, stepping: 0xa)
[    0.136000] Performance Events: unsupported p6 CPU model 142 no PMU driver, software events only.
[    0.136030] Hierarchical SRCU implementation.
[    0.137300] NMI watchdog: Perf event create on CPU 0 failed with -2
[    0.138364] NMI watchdog: Perf NMI watchdog permanently disabled
[    0.139414] smp: Bringing up secondary CPUs ...
[    0.140064] x86: Booting SMP configuration:
[    0.141463] .... node  #0, CPUs:      #1
[    0.004000] kvm-clock: cpu 1, msr 0:3ff44041, secondary cpu clock
[    0.146560] smp: Brought up 1 node, 2 CPUs
[    0.146560] smpboot: Max logical packages: 1
[    0.148004] smpboot: Total of 2 processors activated (5568.00 BogoMIPS)
[    0.149704] devtmpfs: initialized
[    0.149704] x86/mm: Memory block size: 128MB
[    0.149704] evm: security.selinux
[    0.152002] evm: security.SMACK64
[    0.152600] evm: security.SMACK64EXEC
[    0.153247] evm: security.SMACK64TRANSMUTE
[    0.153962] evm: security.SMACK64MMAP
[    0.154626] evm: security.apparmor
[    0.155230] evm: security.ima
[    0.155768] evm: security.capability
[    0.156069] clocksource: jiffies: mask: 0xffffffff max_cycles: 0xffffffff, max_idle_ns: 7645041785100000 ns
[    0.157633] futex hash table entries: 512 (order: 3, 32768 bytes)
[    0.160000] pinctrl core: initialized pinctrl subsystem
[    0.160101] RTC time:  8:44:29, date: 12/20/19
[    0.161004] NET: Registered protocol family 16
[    0.164062] audit: initializing netlink subsys (disabled)
[    0.165007] audit: type=2000 audit(1576831474.929:1): state=initialized audit_enabled=0 res=1
[    0.165477] cpuidle: using governor ladder
[    0.165477] cpuidle: using governor menu
[    0.165477] ACPI: bus type PCI registered
[    0.168007] acpiphp: ACPI Hot Plug PCI Controller Driver version: 0.5
[    0.169186] PCI: Using configuration type 1 for base access
[    0.170176] HugeTLB registered 2.00 MiB page size, pre-allocated 0 pages
[    0.172058] ACPI: Added _OSI(Module Device)
[    0.172798] ACPI: Added _OSI(Processor Device)
[    0.173567] ACPI: Added _OSI(3.0 _SCP Extensions)
[    0.174379] ACPI: Added _OSI(Processor Aggregator Device)
[    0.176002] ACPI: Added _OSI(Linux-Dell-Video)
[    0.176776] ACPI: Added _OSI(Linux-Lenovo-NV-HDMI-Audio)
[    0.177681] ACPI: Added _OSI(Linux-HPI-Hybrid-Graphics)
[    0.178915] ACPI: Executed 1 blocks of module-level executable AML code
[    0.182704] ACPI: Interpreter enabled
[    0.183371] ACPI: (supports S0 S5)
[    0.184002] ACPI: Using IOAPIC for interrupt routing
[    0.185022] PCI: Using host bridge windows from ACPI; if necessary, use "pci=nocrs" and report a bug
[    0.186732] ACPI: Enabled 2 GPEs in block 00 to 07
[    0.193317] ACPI: PCI Root Bridge [PCI0] (domain 0000 [bus 00-ff])
[    0.194886] acpi PNP0A03:00: _OSC: OS supports [ASPM ClockPM Segments MSI]
[    0.196369] acpi PNP0A03:00: _OSC: not requesting OS control; OS requires [ExtendedConfig ASPM ClockPM MSI]
[    0.198073] acpi PNP0A03:00: fail to add MMCONFIG information, can't access extended PCI configuration space under this bridge.
[    0.200319] PCI host bridge to bus 0000:00
[    0.201045] pci_bus 0000:00: root bus resource [io  0x0000-0x0cf7 window]
[    0.202183] pci_bus 0000:00: root bus resource [io  0x0d00-0xffff window]
[    0.203798] pci_bus 0000:00: root bus resource [mem 0x000a0000-0x000bffff window]
[    0.204002] pci_bus 0000:00: root bus resource [mem 0x40000000-0xfdffffff window]
[    0.205290] pci_bus 0000:00: root bus resource [bus 00-ff]
[    0.209576] pci 0000:00:01.1: legacy IDE quirk: reg 0x10: [io  0x01f0-0x01f7]
[    0.210999] pci 0000:00:01.1: legacy IDE quirk: reg 0x14: [io  0x03f6]
[    0.212003] pci 0000:00:01.1: legacy IDE quirk: reg 0x18: [io  0x0170-0x0177]
[    0.213203] pci 0000:00:01.1: legacy IDE quirk: reg 0x1c: [io  0x0376]
[    0.228497] pci 0000:00:07.0: quirk: [io  0x4000-0x403f] claimed by PIIX4 ACPI
[    0.230250] pci 0000:00:07.0: quirk: [io  0x4100-0x410f] claimed by PIIX4 SMB
[    0.240068] ACPI: PCI Interrupt Link [LNKA] (IRQs 5 9 10 *11)
[    0.241773] ACPI: PCI Interrupt Link [LNKB] (IRQs 5 9 *10 11)
[    0.242887] ACPI: PCI Interrupt Link [LNKC] (IRQs 5 *9 10 11)
[    0.243986] ACPI: PCI Interrupt Link [LNKD] (IRQs 5 9 10 *11)
[    0.244336] SCSI subsystem initialized
[    0.245056] pci 0000:00:02.0: vgaarb: setting as boot VGA device
[    0.245079] pci 0000:00:02.0: vgaarb: VGA device added: decodes=io+mem,owns=io+mem,locks=none
[    0.248012] pci 0000:00:02.0: vgaarb: bridge control possible
[    0.249000] vgaarb: loaded
[    0.249532] ACPI: bus type USB registered
[    0.250260] usbcore: registered new interface driver usbfs
[    0.251218] usbcore: registered new interface driver hub
[    0.252014] usbcore: registered new device driver usb
[    0.252938] EDAC MC: Ver: 3.0.0
[    0.252938] PCI: Using ACPI for IRQ routing
[    0.253083] NetLabel: Initializing
[    0.253712] NetLabel:  domain hash size = 128
[    0.256006] NetLabel:  protocols = UNLABELED CIPSOv4 CALIPSO
[    0.256989] NetLabel:  unlabeled traffic allowed by default
[    0.257977] clocksource: Switched to clocksource kvm-clock
[    0.269731] VFS: Disk quotas dquot_6.6.0
[    0.270958] VFS: Dquot-cache hash table entries: 512 (order 0, 4096 bytes)
[    0.272580] AppArmor: AppArmor Filesystem Enabled
[    0.273425] pnp: PnP ACPI init
[    0.275193] pnp: PnP ACPI: found 3 devices
[    0.283457] clocksource: acpi_pm: mask: 0xffffff max_cycles: 0xffffff, max_idle_ns: 2085701024 ns
[    0.285223] NET: Registered protocol family 2
[    0.286121] TCP established hash table entries: 8192 (order: 4, 65536 bytes)
[    0.287351] TCP bind hash table entries: 8192 (order: 5, 131072 bytes)
[    0.291123] TCP: Hash tables configured (established 8192 bind 8192)
[    0.292640] UDP hash table entries: 512 (order: 2, 16384 bytes)
[    0.293648] UDP-Lite hash table entries: 512 (order: 2, 16384 bytes)
[    0.294749] NET: Registered protocol family 1
[    0.295527] pci 0000:00:00.0: Limiting direct PCI/PCI transfers
[    0.296582] pci 0000:00:01.0: Activating ISA DMA hang workarounds
[    0.297664] pci 0000:00:02.0: Video device with shadowed ROM at [mem 0x000c0000-0x000dffff]
[    0.299595] Unpacking initramfs...
[    0.563966] Freeing initrd memory: 19204K
[    0.565463] clocksource: tsc: mask: 0xffffffffffffffff max_cycles: 0x14109b0720d, max_idle_ns: 440795259878 ns
[    0.567277] platform rtc_cmos: registered platform RTC device (no PNP device found)
[    0.569062] Scanning for low memory corruption every 60 seconds
[    0.570594] Initialise system trusted keyrings
[    0.571462] Key type blacklist registered
[    0.572284] workingset: timestamp_bits=36 max_order=18 bucket_order=0
[    0.574083] zbud: loaded
[    0.574991] squashfs: version 4.0 (2009/01/31) Phillip Lougher
[    0.576174] fuse init (API version 7.26)
[    0.582554] Key type asymmetric registered
[    0.583433] Asymmetric key parser 'x509' registered
[    0.584502] Block layer SCSI generic (bsg) driver version 0.4 loaded (major 246)
[    0.586095] io scheduler noop registered
[    0.586927] io scheduler deadline registered
[    0.587858] io scheduler cfq registered (default)
[    0.589442] ACPI: AC Adapter [AC] (off-line)
[    0.590454] input: Power Button as /devices/LNXSYSTM:00/LNXPWRBN:00/input/input0
[    0.591920] ACPI: Power Button [PWRF]
[    0.592729] input: Sleep Button as /devices/LNXSYSTM:00/LNXSLPBN:00/input/input1
[    0.594075] ACPI: Sleep Button [SLPF]
[    0.596007] ACPI: Battery Slot [BAT0] (battery present)
[    0.597460] Serial: 8250/16550 driver, 32 ports, IRQ sharing enabled
    0.619223] 00:02: ttyS0 at I/O 0x3f8 irq = 4, base_baud = 115200) is a 1550A
    0.622553] Linux agpgart interface v0.103
[    0.624203] loop: module loaded
[    0.625239] scsi host0: ata_piix
[    0.625956] scsi host1: ata_piix
[    0.626575] ata1: PATA max UDMA/33 cmd 0x1f0 ctl 0x3f6 bmdma 0xd000 irq 14
[    0.627794] ata2: PATA max UDMA/33 cmd 0x170 ctl 0x376 bmdma 0xd008 irq 15
[    0.629081] libphy: Fixed MDIO Bus: probed
[    0.629833] tun: Universal TUN/TAP device driver, 1.6
[    0.630729] PPP generic driver version 2.4.2
[    0.631536] ehci_hcd: USB 2.0 'Enhanced' Host Controller (EHCI) Driver
[    0.632692] ehci-pci: EHCI PCI platform driver
[    0.633478] ehci-platform: EHCI generic platform driver
[    0.634379] ohci_hcd: USB 1.1 'Open' Host Controller (OHCI) Driver
[    0.635421] ohci-pci: OHCI PCI platform driver
[    0.636219] ohci-platform: OHCI generic platform driver
[    0.637121] uhci_hcd: USB Universal Host Controller Interface driver
[    0.638239] i8042: PNP: PS/2 Controller [PNP0303:PS2K,PNP0f03:PS2M] at 0x60,0x64 irq 1,12
[    0.640049] serio: i8042 KBD port at 0x60,0x64 irq 1
[    0.640970] serio: i8042 AUX port at 0x60,0x64 irq 12
[    0.641896] mousedev: PS/2 mouse device common for all mice
[    0.643082] input: AT Translated Set 2 keyboard as /devices/platform/i8042/serio0/input/input2
[    0.644942] rtc_cmos rtc_cmos: rtc core: registered rtc_cmos as rtc0
[    0.646111] rtc_cmos rtc_cmos: alarms up to one day, 114 bytes nvram
[    0.647233] i2c /dev entries driver
[    0.648032] device-mapper: uevent: version 1.0.3
[    0.648978] device-mapper: ioctl: 4.37.0-ioctl (2017-09-20) initialised: dm-devel@redhat.com
[    0.650534] ledtrig-cpu: registered to indicate activity on CPUs
[    0.651991] NET: Registered protocol family 10
[    0.655851] Segment Routing with IPv6
[    0.656572] NET: Registered protocol family 17
[    0.657402] Key type dns_resolver registered
[    0.658413] mce: Using 0 MCE banks
[    0.659529] RAS: Correctable Errors collector initialized.
[    0.660601] sched_clock: Marking stable (660582030, 0)->(804183894, -143601864)
[    0.662168] registered taskstats version 1
[    0.662901] Loading compiled-in X.509 certificates
[    0.665621] Loaded X.509 cert 'Build time autogenerated kernel key: f4f7241365689b0cbe3898188e65e316fd8f978d'
[    0.667639] zswap: loaded using pool lzo/zbud
[    0.671149] Key type big_key registered
[    0.671864] Key type trusted registered
[    0.673735] Key type encrypted registered
[    0.674443] AppArmor: AppArmor sha1 policy hashing enabled
[    0.675378] ima: No TPM chip found, activating TPM-bypass! (rc=-19)
[    0.676463] ima: Allocated hash algorithm: sha1
[    0.677260] evm: HMAC attrs: 0x1
[    0.678114]   Magic number: 15:72:726
[    0.678775] block loop6: hash matches
[    0.679500] rtc_cmos rtc_cmos: setting system clock to 2019-12-20 08:44:30 UTC (1576831470)
[    0.681037] BIOS EDD facility v0.16 2004-Jun-25, 0 devices found
[    0.682056] EDD information not available.
[    0.791369] Freeing unused kernel image memory: 2428K
[    0.800969] Write protecting the kernel read-only data: 20480k
[    0.803808] Freeing unused kernel image memory: 2008K
[    0.805604] Freeing unused kernel image memory: 1880K
[    0.812457] x86/mm: Checked W+X mappings: passed, no W+X pages found.
[    0.813689] x86/mm: Checking user space page tables
[    0.819907] x86/mm: Checked W+X mappings: passed, no W+X pages found.
Loading, please wait...
starting version 237
[    0.887888] Fusion MPT base driver 3.04.20
[    0.889146] Copyright (c) 1999-2008 LSI Corporation
[    0.901610] e1000: Intel(R) PRO/1000 Network Driver - version 7.3.21-k8-NAPI
[    0.903391] e1000: Copyright (c) 1999-2006 Intel Corporation.
[    0.906646] Fusion MPT SPI Host driver 3.04.20
[    0.907638] AVX2 version of gcm_enc/dec engaged.
[    0.908500] AES CTR mode by8 optimization enabled
[    0.914757] mptbase: ioc0: Initiating bringup
[    1.045345] ioc0: LSI53C1030 A0: Capabilities={Initiator}
[    1.130977] input: ImExPS/2 Generic Explorer Mouse as /devices/platform/i8042/serio1/input/input4
[    1.368052] scsi host2: ioc0: LSI53C1030 A0, FwRev=00000000h, Ports=1, MaxQ=256, IRQ=20
[    1.537265] scsi 2:0:0:0: Direct-Access     VBOX     HARDDISK         1.0  PQ: 0 ANSI: 5
[    1.572484] scsi target2:0:0: Beginning Domain Validation
[    1.585637] scsi target2:0:0: Domain Validation skipping write tests
[    1.587255] scsi target2:0:0: Ending Domain Validation
[    1.588450] scsi target2:0:0: asynchronous
[    1.589632] scsi 2:0:1:0: Direct-Access     VBOX     HARDDISK         1.0  PQ: 0 ANSI: 5
[    1.628135] scsi target2:0:1: Beginning Domain Validation
[    1.630327] random: fast init done
[    1.631069] scsi target2:0:1: Domain Validation skipping write tests
[    1.632235] scsi target2:0:1: Ending Domain Validation
[    1.633185] scsi target2:0:1: asynchronous
[    1.637525] random: systemd-udevd: uninitialized urandom read (16 bytes read)
[    1.638800] random: systemd-udevd: uninitialized urandom read (16 bytes read)
[    1.640066] random: systemd-udevd: uninitialized urandom read (16 bytes read)
[    1.641585] sd 2:0:0:0: [sda] 20971520 512-byte logical blocks: (10.7 GB/10.0 GiB)
[    1.643000] sd 2:0:0:0: [sda] Write Protect is off
[    1.643970] sd 2:0:0:0: [sda] Incomplete mode parameter data
[    1.644999] sd 2:0:0:0: [sda] Assuming drive cache: write through
[    1.646109] sd 2:0:0:0: Attached scsi generic sg0 type 0
[    1.649998] sd 2:0:1:0: [sdb] 20480 512-byte logical blocks: (10.5 MB/10.0 MiB)
[    1.651360] sd 2:0:1:0: [sdb] Write Protect is off
[    1.652403] sd 2:0:1:0: [sdb] Incomplete mode parameter data
[    1.653411] sd 2:0:1:0: [sdb] Assuming drive cache: write through
[    1.655614]  sda: sda1
[    1.659075] sd 2:0:1:0: Attached scsi generic sg1 type 0
[    1.660819] sd 2:0:0:0: [sda] Attached SCSI disk
[    1.663372] sd 2:0:1:0: [sdb] Attached SCSI disk
[    1.932335] e1000 0000:00:03.0 eth0: (PCI:33MHz:32-bit) 02:b7:1f:33:e9:24
[    1.933871] e1000 0000:00:03.0 eth0: Intel(R) PRO/1000 Network Connection
[    2.312165] e1000 0000:00:08.0 eth1: (PCI:33MHz:32-bit) 08:00:27:94:7b:0a
[    2.314554] e1000 0000:00:08.0 eth1: Intel(R) PRO/1000 Network Connection
[    2.317694] e1000 0000:00:03.0 enp0s3: renamed from eth0
[    2.333607] e1000 0000:00:08.0 enp0s8: renamed from eth1
Begin: Loading essential drivers ... [    3.716119] raid6: sse2x1   gen() 12664 MB/s
[    3.764431] raid6: sse2x1   xor()  8539 MB/s
[    3.812830] raid6: sse2x2   gen() 15556 MB/s
[    3.861449] raid6: sse2x2   xor() 10424 MB/s
[    3.908006] raid6: sse2x4   gen() 17493 MB/s
[    3.956087] raid6: sse2x4   xor() 11080 MB/s
[    4.005618] raid6: avx2x1   gen() 26512 MB/s
[    4.052880] raid6: avx2x1   xor() 17612 MB/s
[    4.100700] raid6: avx2x2   gen() 29785 MB/s
[    4.151600] raid6: avx2x2   xor() 20796 MB/s
[    4.202293] raid6: avx2x4   gen() 37181 MB/s
[    4.248145] raid6: avx2x4   xor() 22029 MB/s
[    4.249506] raid6: using algorithm avx2x4 gen() 37181 MB/s
[    4.250647] raid6: .... xor() 22029 MB/s, rmw enabled
[    4.251519] raid6: using avx2x2 recovery algorithm
[    4.253546] xor: automatically using best checksumming function   avx       
[    4.256049] async_tx: api initialized (async)
done.
Begin: Running /scripts/init-premount ... done.
Begin: Mounting root file system ... Begin: Running /scripts/local-top ... done.
Begin: Running /scripts/local-premount ... [    4.293421] Btrfs loaded, crc32c=crc32c-intel
Scanning for Btrfs filesystems
done.
Warning: fsck not present, so skipping root file system
[    4.319714] EXT4-fs (sda1): mounted filesystem with ordered data mode. Opts: (null)
done.
Begin: Running /scripts/local-bottom ... done.
Begin: Running /scripts/init-bottom ... done.
[    4.481395] ip_tables: (C) 2000-2006 Netfilter Core Team
[    4.489512] systemd[1]: systemd 237 running in system mode. (+PAM +AUDIT +SELINUX +IMA +APPARMOR +SMACK +SYSVINIT +UTMP +LIBCRYPTSETUP +GCRYPT +GNUTLS +ACL +XZ +LZ4 +SECCOMP +BLKID +ELFUTILS +KMOD -IDN2 +IDN -PCRE2 default-hierarchy=hybrid)
[    4.493085] systemd[1]: Detected virtualization oracle.
[    4.493992] systemd[1]: Detected architecture x86-64.

Welcome to [1mUbuntu 18.04.3 LTS[0m!

[    4.498910] systemd[1]: Set hostname to <ubuntu>.
[    4.502989] systemd[1]: Initializing machine ID from random generator.
[    4.504144] systemd[1]: Installed transient /etc/machine-id file.
[    4.718413] systemd[1]: Reached target User and Group Name Lookups.
[[0;32m  OK  [0m] Reached target User and Group Name Lookups.
[    4.720458] systemd[1]: Reached target System Time Synchronized.
[[0;32m  OK  [0m] Reached target System Time Synchronized.
[    4.722376] systemd[1]: Set up automount Arbitrary Executable File Formats File System Automount Point.
[[0;32m  OK  [0m] Set up automount Arbitrary Executab…rmats File System Automount Point.
[    4.726229] systemd[1]: Created slice System Slice.
[[0;32m  OK  [0m] Created slice System Slice.
[[0;32m  OK  [0m] Listening on Journal Audit Socket.
[[0;32m  OK  [0m] Listening on udev Kernel Socket.
[[0;32m  OK  [0m] Listening on Journal Socket.
         Starting Uncomplicated firewall...
         Mounting Kernel Debug File System...
         Starting Load Kernel Modules...
         Mounting POSIX Message Queue File System...
[[0;32m  OK  [0m] Started Forward Password Requests to Wall Directory Watch.
[[0;32m  OK  [0m] Listening on Syslog Socket.
         Mounting Huge Pages File System...
[[0;32m  OK  [0m] Listening on Device-mapper event daemon FIFOs.
[[0;32m  OK  [0m] Listening on udev Control Socket.
         Starting udev Coldplug all Devices...
         Starting Set the console keyboard layout...
[[0;32m  OK  [0m] Listening on LVM2 metadata daemon socket.
         Starting Monitoring of LVM2 mirrors…ng dmeventd or progress polling...
         Starting Remount Root and Kernel File Systems...
[[0;32m  OK  [0m] Listening on /dev/initctl Compatibility Named Pipe.
[[0;32m  OK  [0m] Created slice system-serial\x2dgetty.slice.
[[0;32m  OK  [0m] Created slice User and Session Slice.
[[0;32m  OK  [0m] Reached target Slices.
[    4.778429] Loading iSCSI transport class v2.0-870.
[    4.787705] iscsi: registered transport (tcp)
[[0;32m  OK  [0m] Listening on LVM2 poll daemon socket.
[[0;32m  OK  [0m] Listening on Network Service Netlink Socket.
[[0;32m  OK  [0m] Listening on Journal Socket (/dev/log).
         Starting Journal Service...
         Starting Create list of required st…ce nodes for the current kernel...
[[0;32m  OK  [0m] Reached target Swap.
[[0;32m  OK  [0m] Started Uncomplicated firewall.
[[0;32m  OK  [0m] Mounted Kernel Debug File System.
[[0;32m  OK  [0m] Mounted POSIX Message Queue File System.
[[0;32m  OK  [0m] Mounted Huge Pages File System.
[    4.901443] iscsi: registered transport (iser)
[[0;32m  OK  [0m] Started Load Kernel Modules.
[[0;32m  OK  [0m] Started udev Coldplug all Devices.
[    4.918670] EXT4-fs (sda1): re-mounted. Opts: (null)
[[0;32m  OK  [0m] Started Remount Root and Kernel File Systems.
[[0;32m  OK  [0m] Started Create list of required sta…vice nodes for the current kernel.
[[0;32m  OK  [0m] Started Journal Service.
[[0;32m  OK  [0m] Started LVM2 metadata daemon.
         Starting Create Static Device Nodes in /dev...
         Starting Flush Journal to Persistent Storage...
         Starting Load/Save Random Seed...
         Starting Apply Kernel Variables...
         Mounting Kernel Configuration File System...
         Mounting FUSE Control File System...
[[0;32m  OK  [0m] Started Monitoring of LVM2 mirrors,…sing dmeventd or progress polling.
[[0;32m  OK  [0m] Started Create Static Device Nodes in /dev.
[[0;32m  OK  [0m] Started Load/Save Random Seed.
[[0;32m  OK  [0m] Mounted Kernel Configuration File System.
[[0;32m  OK  [0m] Mounted FUSE Control File System.
         Starting udev Kernel Device Manager...
[[0;32m  OK  [0m] Started Apply Kernel Variables.
[[0;32m  OK  [0m] Started Set the console keyboard layout.
[[0;32m  OK  [0m] Reached target Local File Systems (Pre).
[[0;32m  OK  [0m] Reached target Local File Systems.
         Starting AppArmor initialization...
         Starting Commit a transient machine-id on disk...
         Starting ebtables ruleset management...
         Starting Set console font and keymap...
         Starting Tell Plymouth To Write Out Runtime Data...
[[0;32m  OK  [0m] Started udev Kernel Device Manager.
[[0;32m  OK  [0m] Started Flush Journal to Persistent Storage.
         Starting Create Volatile Files and Directories...
[[0;32m  OK  [0m] Started Dispatch Password Requests to Console Directory Watch.
[[0;32m  OK  [0m] Reached target Local Encrypted Volumes.
[[0;32m  OK  [0m] Started Set console font and keymap.
[[0;32m  OK  [0m] Started Tell Plymouth To Write Out Runtime Data.
[[0;32m  OK  [0m] Started Create Volatile Files and Directories.
         Starting Update UTMP about System Boot/Shutdown...
[[0;32m  OK  [0m] Started Commit a transient machine-id on disk.
[[0;32m  OK  [0m] Started Update UTMP about System Boot/Shutdown.
[[0;32m  OK  [0m] Started ebtables ruleset management.
[[0;32m  OK  [0m] Found device /dev/ttyS0.
[[0;32m  OK  [0m] Listening on Load/Save RF Kill Switch Status /dev/rfkill Watch.
[[0;32m  OK  [0m] Started AppArmor initialization.
         Starting Initial cloud-init job (pre-networking)...
[    6.869545] cloud-init[539]: Cloud-init v. 19.3-41-gc4735dd3-0ubuntu1~18.04.1 running 'init-local' at Fri, 20 Dec 2019 08:44:36 +0000. Up 6.51 seconds.
[[0;32m  OK  [0m] Started Initial cloud-init job (pre-networking).
[[0;32m  OK  [0m] Reached target Network (Pre).
         Starting Network Service...
[[0;32m  OK  [0m] Started Network Service.
         Starting Network Name Resolution...
         Starting Wait for Network to be Configured...
[[0;32m  OK  [0m] Started Network Name Resolution.
[[0;32m  OK  [0m] Reached target Host and Network Name Lookups.
[[0;32m  OK  [0m] Reached target Network.
[[0;32m  OK  [0m] Started Wait for Network to be Configured.
         Starting Initial cloud-init job (metadata service crawler)...
[    8.881636] cloud-init[654]: Cloud-init v. 19.3-41-gc4735dd3-0ubuntu1~18.04.1 running 'init' at Fri, 20 Dec 2019 08:44:38 +0000. Up 8.76 seconds.
[    8.882997] cloud-init[654]: ci-info: ++++++++++++++++++++++++++++++++++++++Net device info+++++++++++++++++++++++++++++++++++++++
[    8.884090] cloud-init[654]: ci-info: +--------+-------+----------------------------+---------------+--------+-------------------+
[    8.885291] cloud-init[654]: ci-info: | Device |   Up  |          Address           |      Mask     | Scope  |     Hw-Address    |
[    8.886917] cloud-init[654]: ci-info: +--------+-------+----------------------------+---------------+--------+-------------------+
[    8.900188] cloud-init[654]: ci-info: | enp0s3 |  True |         10.0.2.15          | 255.255.255.0 | global | 02:b7:1f:33:e9:24 |
[    8.901488] cloud-init[654]: ci-info: | enp0s3 |  True | fe80::b7:1fff:fe33:e924/64 |       .       |  link  | 02:b7:1f:33:e9:24 |
[    8.903051] cloud-init[654]: ci-info: | enp0s8 | False |             .              |       .       |   .    | 08:00:27:94:7b:0a |
[    8.904977] cloud-init[654]: ci-info: |   lo   |  True |         127.0.0.1          |   255.0.0.0   |  host  |         .         |
[    8.906614] cloud-init[654]: ci-info: |   lo   |  True |          ::1/128           |       .       |  host  |         .         |
[    8.907762] cloud-init[654]: ci-info: +--------+-------+----------------------------+---------------+--------+-------------------+
[    8.909400] cloud-init[654]: ci-info: ++++++++++++++++++++++++++++Route IPv4 info+++++++++++++++++++++++++++++
[    8.910764] cloud-init[654]: ci-info: +-------+-------------+----------+-----------------+-----------+-------+
[    8.912145] cloud-init[654]: ci-info: | Route | Destination | Gateway  |     Genmask     | Interface | Flags |
[    8.913385] cloud-init[654]: ci-info: +-------+-------------+----------+-----------------+-----------+-------+
[    8.924296] cloud-init[654]: ci-info: |   0   |   0.0.0.0   | 10.0.2.2 |     0.0.0.0     |   enp0s3  |   UG  |
[    8.936404] cloud-init[654]: ci-info: |   1   |   10.0.2.0  | 0.0.0.0  |  255.255.255.0  |   enp0s3  |   U   |
[    8.937996] cloud-init[654]: ci-info: |   2   |   10.0.2.2  | 0.0.0.0  | 255.255.255.255 |   enp0s3  |   UH  |
[    8.952168] cloud-init[654]: ci-info: +-------+-------------+----------+-----------------+-----------+-------+
[    8.968239] cloud-init[654]: ci-info: +++++++++++++++++++Route IPv6 info+++++++++++++++++++
[    8.969612] cloud-init[654]: ci-info: +-------+-------------+---------+-----------+-------+
[    8.970747] cloud-init[654]: ci-info: | Route | Destination | Gateway | Interface | Flags |
[    8.971996] cloud-init[654]: ci-info: +-------+-------------+---------+-----------+-------+
[    8.973325] cloud-init[654]: ci-info: |   1   |  fe80::/64  |    ::   |   enp0s3  |   U   |
[    8.974381] cloud-init[654]: ci-info: |   3   |    local    |    ::   |   enp0s3  |   U   |
[    8.975313] cloud-init[654]: ci-info: |   4   |   ff00::/8  |    ::   |   enp0s3  |   U   |
[    8.976269] cloud-init[654]: ci-info: +-------+-------------+---------+-----------+-------+
[    9.513550] cloud-init[654]: Generating public/private rsa key pair.
[    9.514203] cloud-init[654]: Your identification has been saved in /etc/ssh/ssh_host_rsa_key.
[    9.515306] cloud-init[654]: Your public key has been saved in /etc/ssh/ssh_host_rsa_key.pub.
[    9.517269] cloud-init[654]: The key fingerprint is:
[    9.518332] cloud-init[654]: SHA256:+UPSHhFz5Bgx7eDp6/K3TnDlZB2P7ACgwRrLzu7xTt4 root@ubuntu-bionic
[    9.519741] cloud-init[654]: The key's randomart image is:
[    9.532259] cloud-init[654]: +---[RSA 2048]----+
[    9.544362] cloud-init[654]: |     .. ..B+o  . |
[    9.545232] cloud-init[654]: |    . .o  .X.. oo|
[    9.546247] cloud-init[654]: |   . +.  .o+o * o|
[    9.547142] cloud-init[654]: |    +    oo..B   |
[    9.548047] cloud-init[654]: |   o    S.= . o  |
[    9.548898] cloud-init[654]: |    o    =.+     |
[    9.549622] cloud-init[654]: |   .. .   +..    |
[    9.550343] cloud-init[654]: |    .= .. .o.    |
[    9.551417] cloud-init[654]: |   ...+ E+ooo.   |
[    9.552357] cloud-init[654]: +----[SHA256]-----+
[    9.553132] cloud-init[654]: Generating public/private dsa key pair.
[    9.554205] cloud-init[654]: Your identification has been saved in /etc/ssh/ssh_host_dsa_key.
[    9.555838] cloud-init[654]: Your public key has been saved in /etc/ssh/ssh_host_dsa_key.pub.
[    9.557162] cloud-init[654]: The key fingerprint is:
[    9.558063] cloud-init[654]: SHA256:FRS7cgBoqAWX+ITDjhWj1jCvPcdhM+tXE5bJEPadpuY root@ubuntu-bionic
[    9.559772] cloud-init[654]: The key's randomart image is:
[    9.560698] cloud-init[654]: +---[DSA 1024]----+
[    9.561416] cloud-init[654]: |o*++ ..+..+.     |
[    9.562227] cloud-init[654]: |++@.o ..+ +o.    |
[    9.572728] cloud-init[654]: |+O + =  .Bo+     |
[    9.573413] cloud-init[654]: |+.+ o = .o+.     |
[    9.574143] cloud-init[654]: | . o +  S=o      |
[    9.575140] cloud-init[654]: |    +   +o.      |
[    9.576192] cloud-init[654]: |     . . E       |
[    9.576924] cloud-init[654]: |      .          |
[    9.577729] cloud-init[654]: |                 |
[    9.588237] cloud-init[654]: +----[SHA256]-----+
[    9.588886] cloud-init[654]: Generating public/private ecdsa key pair.
[    9.589839] cloud-init[654]: Your identification has been saved in /etc/ssh/ssh_host_ecdsa_key.
[    9.591222] cloud-init[654]: Your public key has been saved in /etc/ssh/ssh_host_ecdsa_key.pub.
[    9.592214] cloud-init[654]: The key fingerprint is:
[    9.592943] cloud-init[654]: SHA256:6Lg6q1onwvswBAdU/pGf5lAXQK/43+BlU/HneGQfSM4 root@ubuntu-bionic
[    9.594191] cloud-init[654]: The key's randomart image is:
[    9.594969] cloud-init[654]: +---[ECDSA 256]---+
[    9.595705] cloud-init[654]: |o...  .o..       |
[    9.596470] cloud-init[654]: | ..   . . .      |
[    9.596983] cloud-init[654]: |. .. o . o   o   |
[[    9.608507] cloud-init[654]: |..  . =.+   + +  |
[    9.608659] cloud-init[654]: | .   +.=S    E o+|
[    9.609035] cloud-init[654]: |o    o=     .  =+|
[0;32m  OK  [0m] Started Initial cloud-init job (metadata service crawler).
[    9.609132] cloud-init[654]: |.+o o .o . +  . +|
[[    9.636876] cloud-init[654]: | o=o .  o = .  . |
[    9.637219] cloud-init[654]: |+o+=.    o .     |[0;32m  OK  [0m
] Reached target System Initialization.
[    9.637392] cloud-init[654]: +----[SHA256]-----+
[[    9.664725] cloud-init[654]: Generating public/private ed25519 key pair.
[    9.664871] cloud-init[654]: Your identification has been saved in /etc/ssh/ssh_host_ed25519_key.
[0;32m  OK  [0m] Listening on D-Bus System Message Bus Socket.
[    9.665002] cloud-init[654]: Your public key has been saved in /etc/ssh/ssh_host_ed25519_key.pub.
[[    9.692928] [0;32m  OK  [0mcloud-init] [654]: Listening on Open-iSCSI iscsid Socket.The key fingerprint is:

[    9.704868] cloud-init[654]: SHA256:su55orD3mn8lBdp3yfx1YuQ1Kd/el+UYLnw82Oqdg7Y root@ubuntu-bionic
[    9.705062] cloud-init[654]: The key's randomart image is:
         Starting Socket activation for snappy daemon.
[    9.705495] cloud-init[654]: +--[ED25519 256]--+
[    9.708287] cloud-init[654]: |                .|
[    9.709123] cloud-init[654]: |        .    ..o.|
[    9.709183] cloud-init[654]: |       o . o +o.o|
[    9.709838] cloud-init[654]: |      . . o = =.=|
[    9.710438] cloud-init[654]: |      . So o B B=|
[    9.711039] cloud-init[654]: |       o. . + O.=|
[    9.711656] [[0;32m  OK  [0m] Listening on ACPID Listen Socket.
cloud-init[654]: |  .   .  o   = ..|
[    9.714139] cloud-init[654]: |   o.o..o   +... |
[    9.714236] cloud-init[654]: |  ..+**+   oE.o. |
[[0;32m  OK  [0m] Listening on UUID daemon activation socket.
[    9.714407] cloud-init[654]: +----[SHA256]-----+
         Starting LXD - unix socket.
[[0;32m  OK  [0m] Started Daily apt download activities.
[[0;32m  OK  [0m] Started Discard unused blocks once a week.
[[0;32m  OK  [0m] Started Daily apt upgrade and clean activities.
[[0;32m  OK  [0m] Started ACPI Events Check.
[[0;32m  OK  [0m] Reached target Paths.
[[0;32m  OK  [0m] Started Daily Cleanup of Temporary Directories.
[[0;32m  OK  [0m] Started Message of the Day.
[[0;32m  OK  [0m] Reached target Timers.
[[0;32m  OK  [0m] Reached target Network is Online.
[[0;32m  OK  [0m] Reached target Remote File Systems (Pre).
[[0;32m  OK  [0m] Reached target Remote File Systems.
         Starting Availability of block devices...
[[0;32m  OK  [0m] Reached target Cloud-config availability.
[[0;32m  OK  [0m] Listening on Socket activation for snappy daemon.
[[0;32m  OK  [0m] Listening on LXD - unix socket.
[[0;32m  OK  [0m] Started Availability of block devices.
[[0;32m  OK  [0m] Reached target Sockets.
[[0;32m  OK  [0m] Reached target Basic System.
         Starting Accounts Service...
[[0;32m  OK  [0m] Started Regular background program processing daemon.
         Starting Permit User Sessions...
[[0;32m  OK  [0m] Started irqbalance daemon.
         Starting Virtualbox guest utils...
         Starting LXD - container startup/shutdown...
         Starting Pollinate to seed the pseudo random number generator...
[[0;32m  OK  [0m] Started FUSE filesystem for LXC.
         Starting Dispatcher daemon for systemd-networkd...
         Starting LSB: Record successful boot for GRUB...
         Starting Login Service...
         Starting System Logging Service...
[[0;32m  OK  [0m] Started Deferred execution scheduler.
[[0;32m  OK  [0m] Started D-Bus System Message Bus.
         Starting Snappy daemon...
         Starting LSB: automatic crash report generation...
[[0;32m  OK  [0m] Started System Logging Service.
[[0;32m  OK  [0m] Started Permit User Sessions.
[[0;32m  OK  [0m] Started LXD - container startup/shutdown.
[[0;32m  OK  [0m] Started Login Service.
[[0;32m  OK  [0m] Started Unattended Upgrades Shutdown.
         Starting Authorization Manager...
         Starting Terminate Plymouth Boot Screen...
         Starting Hold until boot process finishes up...
[[0;32m  OK  [0m] Started Terminate Plymouth Boot Screen.
[[0;32m  OK  [0m] Started Hold until boot process finishes up.
[[0;32m  OK  [0m] Started Serial Getty on ttyS0.
         Starting Set console scheme...
[[0;32m  OK  [0m] Started Set console scheme.
[[0;32m  OK  [0m] Started LSB: automatic crash report generation.
[[0;32m  OK  [0m] Created slice system-getty.slice.
[[0;32m  OK  [0m] Started Getty on tty1.
[[0;32m  OK  [0m] Reached target Login Prompts.
[[0;32m  OK  [0m] Started LSB: Record successful boot for GRUB.
[[0;32m  OK  [0m] Started Dispatcher daemon for systemd-networkd.
[[0;32m  OK  [0m] Started Virtualbox guest utils.
[[0;32m  OK  [0m] Started Authorization Manager.
[[0;32m  OK  [0m] Started Accounts Service.
[[0;32m  OK  [0m] Started Snappy daemon.
         Starting Wait until snapd is fully seeded...
[[0;32m  OK  [0m] Started Pollinate to seed the pseudo random number generator.
         Starting OpenBSD Secure Shell server...
[[0;32m  OK  [0m] Started OpenBSD Secure Shell server.
[[0;32m  OK  [0m] Created slice User Slice of vagrant.
         Starting User Manager for UID 1000...
[[0;32m  OK  [0m] Started Session 1 of user vagrant.
[[0;32m  OK  [0m] Started User Manager for UID 1000.
[[0;32m  OK  [0m] Started Session 3 of user vagrant.

Ubuntu 18.04.3 LTS ubuntu-bionic ttyS0

ubuntu-bionic login: [   17.064224] cloud-init[1801]: Cloud-init v. 19.3-41-gc4735dd3-0ubuntu1~18.04.1 running 'modules:config' at Fri, 20 Dec 2019 08:44:46 +0000. Up 16.74 seconds.
ci-info: no authorized ssh keys fingerprints found for user ubuntu.
<14>Dec 20 08:44:47 ec2: 
<14>Dec 20 08:44:47 ec2: #############################################################
<14>Dec 20 08:44:47 ec2: -----BEGIN SSH HOST KEY FINGERPRINTS-----
<14>Dec 20 08:44:47 ec2: 1024 SHA256:FRS7cgBoqAWX+ITDjhWj1jCvPcdhM+tXE5bJEPadpuY root@ubuntu-bionic (DSA)
<14>Dec 20 08:44:47 ec2: 256 SHA256:6Lg6q1onwvswBAdU/pGf5lAXQK/43+BlU/HneGQfSM4 root@ubuntu-bionic (ECDSA)
<14>Dec 20 08:44:47 ec2: 256 SHA256:su55orD3mn8lBdp3yfx1YuQ1Kd/el+UYLnw82Oqdg7Y root@ubuntu-bionic (ED25519)
<14>Dec 20 08:44:47 ec2: 2048 SHA256:+UPSHhFz5Bgx7eDp6/K3TnDlZB2P7ACgwRrLzu7xTt4 root@ubuntu-bionic (RSA)
<14>Dec 20 08:44:47 ec2: -----END SSH HOST KEY FINGERPRINTS-----
<14>Dec 20 08:44:47 ec2: #############################################################
-----BEGIN SSH HOST KEY KEYS-----
ecdsa-sha2-nistp256 AAAAE2VjZHNhLXNoYTItbmlzdHAyNTYAAAAIbmlzdHAyNTYAAABBBKiOZLqBWp/RjyZOkjcCqj07277wFJuyMgfdCUZBCaRXxptAgbwTFSZw7XXtXY7hlk9n7jVo9JPoEN9yIgbg8Zs= root@ubuntu-bionic
ssh-ed25519 AAAAC3NzaC1lZDI1NTE5AAAAIAF58SLQXQP83HEcWfmPq1lIZOe3DLFqiahcsBrOB6bO root@ubuntu-bionic
ssh-rsa AAAAB3NzaC1yc2EAAAADAQABAAABAQDp2JloWztR4Q9mrll91GJ61AIFzTx+pgPKxhYhZ+NAEopi9L229O9IJXXTRuj1P/EV8syQNybA1tAOTDf0ds1A3fZYATsie+Ouf5P1ts5VJElK2ukLgsI3qdrvVkSDhdw4YnCvWFNgqp/KPUiosTf64u7oUaiNPGPwlBo/YQP6jqotlWV/kWEo6S5aMYUTospSF3PRIBmGVoaJpz2ruNBFlBSapK3M4PRycuIUTMagdWLzipO+cY849dCEGa3A+iRuUDfmiFx02BEOc5b0xaJ94JZ+wbvRtpF4ZRnI73UcvICzootWbAuPdAUL3FfbEIxnEXc0EZJDlQQ6i9DbV9AH root@ubuntu-bionic
-----END SSH HOST KEY KEYS-----
[   17.507011] cloud-init[1866]: Cloud-init v. 19.3-41-gc4735dd3-0ubuntu1~18.04.1 running 'modules:final' at Fri, 20 Dec 2019 08:44:47 +0000. Up 17.38 seconds.
[   17.507246] cloud-init[1866]: ci-info: no authorized ssh keys fingerprints found for user ubuntu.
[   17.507304] cloud-init[1866]: Cloud-init v. 19.3-41-gc4735dd3-0ubuntu1~18.04.1 finished at Fri, 20 Dec 2019 08:44:47 +0000. Datasource DataSourceNoCloud [seed=/dev/sdb][dsmode=net].  Up 17.50 seconds
